app/build/intermediates/manifest_merge_blame_file/debug/processDebugMainManifest/manifest-merger-blame-debug-report.txt
1<?xml version="1.0" encoding="utf-8"?>
2<manifest xmlns:android="http://schemas.android.com/apk/res/android"
3    package="com.example.myapplication"
4    android:versionCode="1"
5    android:versionName="1.0" >
6
7    <uses-sdk
8        android:minSdkVersion="26"
9        android:targetSdkVersion="34" />
10
11    <uses-permission android:name="android.permission.INTERNET" />
11-->src/main/AndroidManifest.xml:5:5-67
11-->src/main/AndroidManifest.xml:5:22-64
12    <uses-permission android:name="android.permission.ACCESS_NETWORK_STATE" />
12-->src/main/AndroidManifest.xml:6:5-79
12-->src/main/AndroidManifest.xml:6:22-76
13    <uses-permission android:name="android.permission.CAMERA" />
13-->src/main/AndroidManifest.xml:7:5-65
13-->src/main/AndroidManifest.xml:7:22-62
14    <uses-permission
14-->src/main/AndroidManifest.xml:8:5-9:38
15        android:name="android.permission.READ_EXTERNAL_STORAGE"
15-->src/main/AndroidManifest.xml:8:22-77
16        android:maxSdkVersion="32" />
16-->src/main/AndroidManifest.xml:9:9-35
17    <uses-permission
17-->src/main/AndroidManifest.xml:10:5-11:38
18        android:name="android.permission.WRITE_EXTERNAL_STORAGE"
18-->src/main/AndroidManifest.xml:10:22-78
19        android:maxSdkVersion="32" />
19-->src/main/AndroidManifest.xml:11:9-35
20    <uses-permission android:name="android.permission.RECEIVE_BOOT_COMPLETED" />
20-->src/main/AndroidManifest.xml:12:5-81
20-->src/main/AndroidManifest.xml:12:22-78
21    <uses-permission android:name="android.permission.POST_NOTIFICATIONS" />
21-->src/main/AndroidManifest.xml:13:5-77
21-->src/main/AndroidManifest.xml:13:22-74
22    <uses-permission android:name="android.permission.SCHEDULE_EXACT_ALARM" />
22-->src/main/AndroidManifest.xml:14:5-79
22-->src/main/AndroidManifest.xml:14:22-76
23    <uses-permission android:name="android.permission.USE_EXACT_ALARM" />
23-->src/main/AndroidManifest.xml:15:5-74
23-->src/main/AndroidManifest.xml:15:22-71
24
25    <uses-feature
25-->src/main/AndroidManifest.xml:18:5-85
26        android:name="android.hardware.camera"
26-->src/main/AndroidManifest.xml:18:19-57
27        android:required="false" />
27-->src/main/AndroidManifest.xml:18:58-82
28
29    <uses-permission android:name="com.google.android.providers.gsf.permission.READ_GSERVICES" />
29-->[com.google.android.recaptcha:recaptcha:18.4.0] AndroidManifest.xml:9:5-98
29-->[com.google.android.recaptcha:recaptcha:18.4.0] AndroidManifest.xml:9:22-95
30    <uses-permission android:name="android.permission.WAKE_LOCK" />
30-->[androidx.work:work-runtime:2.9.1] AndroidManifest.xml:23:5-68
30-->[androidx.work:work-runtime:2.9.1] AndroidManifest.xml:23:22-65
31    <uses-permission android:name="android.permission.FOREGROUND_SERVICE" />
31-->[androidx.work:work-runtime:2.9.1] AndroidManifest.xml:26:5-77
31-->[androidx.work:work-runtime:2.9.1] AndroidManifest.xml:26:22-74
32
33    <permission
33-->[androidx.core:core:1.9.0] AndroidManifest.xml:22:5-24:47
34        android:name="com.example.myapplication.DYNAMIC_RECEIVER_NOT_EXPORTED_PERMISSION"
34-->[androidx.core:core:1.9.0] AndroidManifest.xml:23:9-81
35        android:protectionLevel="signature" />
35-->[androidx.core:core:1.9.0] AndroidManifest.xml:24:9-44
36
37    <uses-permission android:name="com.example.myapplication.DYNAMIC_RECEIVER_NOT_EXPORTED_PERMISSION" />
37-->[androidx.core:core:1.9.0] AndroidManifest.xml:26:5-97
37-->[androidx.core:core:1.9.0] AndroidManifest.xml:26:22-94
38
39    <application
39-->src/main/AndroidManifest.xml:20:5-138:19
40        android:allowBackup="true"
40-->src/main/AndroidManifest.xml:21:9-35
41        android:appComponentFactory="androidx.core.app.CoreComponentFactory"
41-->[androidx.core:core:1.9.0] AndroidManifest.xml:28:18-86
42        android:dataExtractionRules="@xml/data_extraction_rules"
42-->src/main/AndroidManifest.xml:22:9-65
43        android:debuggable="true"
44        android:extractNativeLibs="false"
45        android:fullBackupContent="@xml/backup_rules"
45-->src/main/AndroidManifest.xml:23:9-54
46        android:icon="@mipmap/ozbluelogo"
46-->src/main/AndroidManifest.xml:24:9-42
47        android:label="@string/app_name"
47-->src/main/AndroidManifest.xml:25:9-41
48        android:supportsRtl="true"
48-->src/main/AndroidManifest.xml:26:9-35
49        android:testOnly="true"
50        android:theme="@style/Theme.MyApplication" >
50-->src/main/AndroidManifest.xml:27:9-51
51        <activity
51-->src/main/AndroidManifest.xml:30:9-33:55
52            android:name="com.example.myapplication.MyInfoAndFamHis"
52-->src/main/AndroidManifest.xml:31:13-44
53            android:exported="false"
53-->src/main/AndroidManifest.xml:32:13-37
54            android:windowSoftInputMode="adjustPan" />
54-->src/main/AndroidManifest.xml:33:13-52
55        <activity
55-->src/main/AndroidManifest.xml:34:9-37:55
56            android:name="com.example.myapplication.Homepage"
56-->src/main/AndroidManifest.xml:35:13-37
57            android:exported="false"
57-->src/main/AndroidManifest.xml:36:13-37
58            android:windowSoftInputMode="adjustPan" />
58-->src/main/AndroidManifest.xml:37:13-52
59        <activity
59-->src/main/AndroidManifest.xml:38:9-46:20
60            android:name="com.example.myapplication.UserLoginActivity"
60-->src/main/AndroidManifest.xml:39:13-46
61            android:exported="true"
61-->src/main/AndroidManifest.xml:40:13-36
62            android:windowSoftInputMode="adjustPan" >
62-->src/main/AndroidManifest.xml:41:13-52
63            <intent-filter>
63-->src/main/AndroidManifest.xml:42:13-45:29
64                <action android:name="android.intent.action.MAIN" />
64-->src/main/AndroidManifest.xml:43:17-69
64-->src/main/AndroidManifest.xml:43:25-66
65
66                <category android:name="android.intent.category.LAUNCHER" />
66-->src/main/AndroidManifest.xml:44:17-77
66-->src/main/AndroidManifest.xml:44:27-74
67            </intent-filter>
68        </activity>
69        <activity
69-->src/main/AndroidManifest.xml:47:9-49:55
70            android:name="com.example.myapplication.Immunisation"
70-->src/main/AndroidManifest.xml:47:19-47
71            android:exported="false"
71-->src/main/AndroidManifest.xml:48:13-37
72            android:windowSoftInputMode="adjustPan" />
72-->src/main/AndroidManifest.xml:49:13-52
73        <activity
73-->src/main/AndroidManifest.xml:50:9-51:55
74            android:name="com.example.myapplication.ImmunisationRecord"
74-->src/main/AndroidManifest.xml:50:19-53
75            android:windowSoftInputMode="adjustPan" />
75-->src/main/AndroidManifest.xml:51:13-52
76        <activity
76-->src/main/AndroidManifest.xml:52:9-53:55
77            android:name="com.example.myapplication.FourMonthImmunisationCheck"
77-->src/main/AndroidManifest.xml:52:19-61
78            android:windowSoftInputMode="adjustPan" />
78-->src/main/AndroidManifest.xml:53:13-52
79        <activity
79-->src/main/AndroidManifest.xml:55:9-56:55
80            android:name="com.example.myapplication.CPRChart"
80-->src/main/AndroidManifest.xml:55:19-43
81            android:windowSoftInputMode="adjustPan" />
81-->src/main/AndroidManifest.xml:56:13-52
82        <activity
82-->src/main/AndroidManifest.xml:58:9-59:55
83            android:name="com.example.myapplication.ChildSelectActivity"
83-->src/main/AndroidManifest.xml:58:19-54
84            android:windowSoftInputMode="adjustPan" />
84-->src/main/AndroidManifest.xml:59:13-52
85        <activity
85-->src/main/AndroidManifest.xml:60:9-61:55
86            android:name="com.example.myapplication.ManageChildrenActivity"
86-->src/main/AndroidManifest.xml:60:19-57
87            android:windowSoftInputMode="adjustPan" />
87-->src/main/AndroidManifest.xml:61:13-52
88        <activity
88-->src/main/AndroidManifest.xml:62:9-63:55
89            android:name="com.example.myapplication.AddChildActivity"
89-->src/main/AndroidManifest.xml:62:19-51
90            android:windowSoftInputMode="adjustPan" />
90-->src/main/AndroidManifest.xml:63:13-52
91        <activity
91-->src/main/AndroidManifest.xml:65:9-66:55
92            android:name="com.example.myapplication.AccountSettings"
92-->src/main/AndroidManifest.xml:65:19-50
93            android:windowSoftInputMode="adjustPan" />
93-->src/main/AndroidManifest.xml:66:13-52
94        <activity
94-->src/main/AndroidManifest.xml:68:9-69:55
95            android:name="com.example.myapplication.SignUpActivity"
95-->src/main/AndroidManifest.xml:68:19-49
96            android:windowSoftInputMode="adjustPan" />
96-->src/main/AndroidManifest.xml:69:13-52
97        <activity
97-->src/main/AndroidManifest.xml:71:9-72:55
98            android:name="com.example.myapplication.NavBarManager"
98-->src/main/AndroidManifest.xml:71:19-48
99            android:windowSoftInputMode="adjustPan" />
99-->src/main/AndroidManifest.xml:72:13-52
100        <activity
100-->src/main/AndroidManifest.xml:74:9-75:55
101            android:name="com.example.myapplication.BirthDetailsAndNewbornExamination"
101-->src/main/AndroidManifest.xml:74:19-68
102            android:windowSoftInputMode="adjustPan" />
102-->src/main/AndroidManifest.xml:75:13-52
103        <activity android:name="com.example.myapplication.ResetPasswordActivity" />
103-->src/main/AndroidManifest.xml:77:9-59
103-->src/main/AndroidManifest.xml:77:19-56
104
105        <!-- Added activity for GrowthCharts -->
106        <activity android:name="com.example.myapplication.GrowthChartsActivity" />
106-->src/main/AndroidManifest.xml:80:9-58
106-->src/main/AndroidManifest.xml:80:19-55
107
108        <!-- Added activities for ParentInfo and UsefulContacts -->
109        <activity
109-->src/main/AndroidManifest.xml:83:9-84:55
110            android:name="com.example.myapplication.ParentInfo"
110-->src/main/AndroidManifest.xml:83:19-45
111            android:windowSoftInputMode="adjustPan" />
111-->src/main/AndroidManifest.xml:84:13-52
112        <activity
112-->src/main/AndroidManifest.xml:85:9-86:55
113            android:name="com.example.myapplication.UsefulContacts"
113-->src/main/AndroidManifest.xml:85:19-49
114            android:windowSoftInputMode="adjustPan" />
114-->src/main/AndroidManifest.xml:86:13-52
115
116        <!-- Added activities for My Records -->
117        <activity
117-->src/main/AndroidManifest.xml:89:7-90:47
118            android:name="com.example.myapplication.Records"
118-->src/main/AndroidManifest.xml:89:17-40
119            android:windowSoftInputMode="adjustPan" />
119-->src/main/AndroidManifest.xml:90:5-44
120        <activity
120-->src/main/AndroidManifest.xml:91:7-92:53
121            android:name="com.example.myapplication.IllnessInjuryNotes"
121-->src/main/AndroidManifest.xml:91:17-51
122            android:windowSoftInputMode="adjustPan" />
122-->src/main/AndroidManifest.xml:92:11-50
123        <activity
123-->src/main/AndroidManifest.xml:93:7-94:47
124            android:name="com.example.myapplication.ProgressNotes"
124-->src/main/AndroidManifest.xml:93:17-46
125            android:windowSoftInputMode="adjustPan" />
125-->src/main/AndroidManifest.xml:94:5-44
126        <activity android:name="com.example.myapplication.CameraActivity" />
126-->src/main/AndroidManifest.xml:95:9-52
126-->src/main/AndroidManifest.xml:95:19-49
127
128        <provider
129            android:name="androidx.core.content.FileProvider"
129-->src/main/AndroidManifest.xml:98:13-62
130            android:authorities="com.example.myapplication.provider"
130-->src/main/AndroidManifest.xml:99:13-60
131            android:exported="false"
131-->src/main/AndroidManifest.xml:100:13-37
132            android:grantUriPermissions="true" >
132-->src/main/AndroidManifest.xml:101:13-47
133            <meta-data
133-->src/main/AndroidManifest.xml:102:13-104:54
134                android:name="android.support.FILE_PROVIDER_PATHS"
134-->src/main/AndroidManifest.xml:103:17-67
135                android:resource="@xml/file_paths" />
135-->src/main/AndroidManifest.xml:104:17-51
136        </provider>
137
138        <!-- PrimarySecondarySchool.java -->
139        <activity android:name="com.example.myapplication.PrimarySecondarySchool" />
139-->src/main/AndroidManifest.xml:108:9-60
139-->src/main/AndroidManifest.xml:108:19-57
140
141        <!-- AppointmentAdaptor.java -->
142        <activity android:name="com.example.myapplication.AppointmentAdaptor" />
142-->src/main/AndroidManifest.xml:111:9-56
142-->src/main/AndroidManifest.xml:111:19-53
143
144        <!-- AppointmentsActivity.java -->
145        <activity android:name="com.example.myapplication.AppointmentsActivity" />
145-->src/main/AndroidManifest.xml:114:9-58
145-->src/main/AndroidManifest.xml:114:19-55
146
147        <!-- NotificationHelper.java -->
148        <activity android:name="com.example.myapplication.NotificationHelper" />
148-->src/main/AndroidManifest.xml:117:9-56
148-->src/main/AndroidManifest.xml:117:19-53
149
150        <!-- NotificationReceiver.java -->
151        <activity android:name="com.example.myapplication.NotificationReceiver" />
151-->src/main/AndroidManifest.xml:120:9-58
151-->src/main/AndroidManifest.xml:120:19-55
152
153        <receiver android:name="com.example.myapplication.NotificationReceiver" />
153-->src/main/AndroidManifest.xml:122:9-58
153-->src/main/AndroidManifest.xml:122:19-55
154
155        <activity android:name="com.example.myapplication.EncapsulatingActivity" />
155-->src/main/AndroidManifest.xml:124:9-59
155-->src/main/AndroidManifest.xml:124:19-56
156        <activity
156-->src/main/AndroidManifest.xml:126:9-127:55
157            android:name="com.example.myapplication.PractitionerLoginActivity"
157-->src/main/AndroidManifest.xml:126:19-60
158            android:windowSoftInputMode="adjustPan" />
158-->src/main/AndroidManifest.xml:127:13-52
159        <activity
159-->src/main/AndroidManifest.xml:129:9-130:55
160            android:name="com.example.myapplication.PractitionerChildSelect"
160-->src/main/AndroidManifest.xml:129:19-58
161            android:windowSoftInputMode="adjustPan" />
161-->src/main/AndroidManifest.xml:130:13-52
162        <activity
162-->src/main/AndroidManifest.xml:132:9-133:55
163            android:name="com.example.myapplication.PractitionerHomepage"
163-->src/main/AndroidManifest.xml:132:19-55
164            android:windowSoftInputMode="adjustPan" />
164-->src/main/AndroidManifest.xml:133:13-52
165        <activity
165-->src/main/AndroidManifest.xml:135:9-136:55
166            android:name="com.example.myapplication.PractitionerAccountSettings"
166-->src/main/AndroidManifest.xml:135:19-62
167            android:windowSoftInputMode="adjustPan" />
167-->src/main/AndroidManifest.xml:136:13-52
168        <activity
168-->[com.google.firebase:firebase-auth:23.0.0] AndroidManifest.xml:29:9-46:20
169            android:name="com.google.firebase.auth.internal.GenericIdpActivity"
169-->[com.google.firebase:firebase-auth:23.0.0] AndroidManifest.xml:30:13-80
170            android:excludeFromRecents="true"
170-->[com.google.firebase:firebase-auth:23.0.0] AndroidManifest.xml:31:13-46
171            android:exported="true"
171-->[com.google.firebase:firebase-auth:23.0.0] AndroidManifest.xml:32:13-36
172            android:launchMode="singleTask"
172-->[com.google.firebase:firebase-auth:23.0.0] AndroidManifest.xml:33:13-44
173            android:theme="@android:style/Theme.Translucent.NoTitleBar" >
173-->[com.google.firebase:firebase-auth:23.0.0] AndroidManifest.xml:34:13-72
174            <intent-filter>
174-->[com.google.firebase:firebase-auth:23.0.0] AndroidManifest.xml:35:13-45:29
175                <action android:name="android.intent.action.VIEW" />
175-->[com.google.firebase:firebase-auth:23.0.0] AndroidManifest.xml:36:17-69
175-->[com.google.firebase:firebase-auth:23.0.0] AndroidManifest.xml:36:25-66
176
177                <category android:name="android.intent.category.DEFAULT" />
177-->[com.google.firebase:firebase-auth:23.0.0] AndroidManifest.xml:38:17-76
177-->[com.google.firebase:firebase-auth:23.0.0] AndroidManifest.xml:38:27-73
178                <category android:name="android.intent.category.BROWSABLE" />
178-->[com.google.firebase:firebase-auth:23.0.0] AndroidManifest.xml:39:17-78
178-->[com.google.firebase:firebase-auth:23.0.0] AndroidManifest.xml:39:27-75
179
180                <data
180-->[com.google.firebase:firebase-auth:23.0.0] AndroidManifest.xml:41:17-44:51
181                    android:host="firebase.auth"
181-->[com.google.firebase:firebase-auth:23.0.0] AndroidManifest.xml:42:21-49
182                    android:path="/"
182-->[com.google.firebase:firebase-auth:23.0.0] AndroidManifest.xml:43:21-37
183                    android:scheme="genericidp" />
183-->[com.google.firebase:firebase-auth:23.0.0] AndroidManifest.xml:44:21-48
184            </intent-filter>
185        </activity>
186        <activity
186-->[com.google.firebase:firebase-auth:23.0.0] AndroidManifest.xml:47:9-64:20
187            android:name="com.google.firebase.auth.internal.RecaptchaActivity"
187-->[com.google.firebase:firebase-auth:23.0.0] AndroidManifest.xml:48:13-79
188            android:excludeFromRecents="true"
188-->[com.google.firebase:firebase-auth:23.0.0] AndroidManifest.xml:49:13-46
189            android:exported="true"
189-->[com.google.firebase:firebase-auth:23.0.0] AndroidManifest.xml:50:13-36
190            android:launchMode="singleTask"
190-->[com.google.firebase:firebase-auth:23.0.0] AndroidManifest.xml:51:13-44
191            android:theme="@android:style/Theme.Translucent.NoTitleBar" >
191-->[com.google.firebase:firebase-auth:23.0.0] AndroidManifest.xml:52:13-72
192            <intent-filter>
192-->[com.google.firebase:firebase-auth:23.0.0] AndroidManifest.xml:53:13-63:29
193                <action android:name="android.intent.action.VIEW" />
193-->[com.google.firebase:firebase-auth:23.0.0] AndroidManifest.xml:36:17-69
193-->[com.google.firebase:firebase-auth:23.0.0] AndroidManifest.xml:36:25-66
194
195                <category android:name="android.intent.category.DEFAULT" />
195-->[com.google.firebase:firebase-auth:23.0.0] AndroidManifest.xml:38:17-76
195-->[com.google.firebase:firebase-auth:23.0.0] AndroidManifest.xml:38:27-73
196                <category android:name="android.intent.category.BROWSABLE" />
196-->[com.google.firebase:firebase-auth:23.0.0] AndroidManifest.xml:39:17-78
196-->[com.google.firebase:firebase-auth:23.0.0] AndroidManifest.xml:39:27-75
197
198                <data
198-->[com.google.firebase:firebase-auth:23.0.0] AndroidManifest.xml:41:17-44:51
199                    android:host="firebase.auth"
199-->[com.google.firebase:firebase-auth:23.0.0] AndroidManifest.xml:42:21-49
200                    android:path="/"
200-->[com.google.firebase:firebase-auth:23.0.0] AndroidManifest.xml:43:21-37
201                    android:scheme="recaptcha" />
201-->[com.google.firebase:firebase-auth:23.0.0] AndroidManifest.xml:44:21-48
202            </intent-filter>
203        </activity>
204
205        <service
205-->[com.google.firebase:firebase-auth:23.0.0] AndroidManifest.xml:66:9-72:19
206            android:name="com.google.firebase.components.ComponentDiscoveryService"
206-->[com.google.firebase:firebase-auth:23.0.0] AndroidManifest.xml:67:13-84
207            android:directBootAware="true"
207-->[com.google.firebase:firebase-common:21.0.0] AndroidManifest.xml:32:13-43
208            android:exported="false" >
208-->[com.google.firebase:firebase-auth:23.0.0] AndroidManifest.xml:68:13-37
209            <meta-data
209-->[com.google.firebase:firebase-auth:23.0.0] AndroidManifest.xml:69:13-71:85
210                android:name="com.google.firebase.components:com.google.firebase.auth.FirebaseAuthRegistrar"
210-->[com.google.firebase:firebase-auth:23.0.0] AndroidManifest.xml:70:17-109
211                android:value="com.google.firebase.components.ComponentRegistrar" />
211-->[com.google.firebase:firebase-auth:23.0.0] AndroidManifest.xml:71:17-82
212            <meta-data
212-->[com.google.firebase:firebase-common-ktx:21.0.0] AndroidManifest.xml:12:13-14:85
213                android:name="com.google.firebase.components:com.google.firebase.ktx.FirebaseCommonLegacyRegistrar"
213-->[com.google.firebase:firebase-common-ktx:21.0.0] AndroidManifest.xml:13:17-116
214                android:value="com.google.firebase.components.ComponentRegistrar" />
214-->[com.google.firebase:firebase-common-ktx:21.0.0] AndroidManifest.xml:14:17-82
215            <meta-data
215-->[com.google.firebase:firebase-common:21.0.0] AndroidManifest.xml:35:13-37:85
216                android:name="com.google.firebase.components:com.google.firebase.FirebaseCommonKtxRegistrar"
216-->[com.google.firebase:firebase-common:21.0.0] AndroidManifest.xml:36:17-109
217                android:value="com.google.firebase.components.ComponentRegistrar" />
217-->[com.google.firebase:firebase-common:21.0.0] AndroidManifest.xml:37:17-82
218        </service>
219        <service
219-->[androidx.credentials:credentials-play-services-auth:1.2.0-rc01] AndroidManifest.xml:24:9-32:19
220            android:name="androidx.credentials.playservices.CredentialProviderMetadataHolder"
220-->[androidx.credentials:credentials-play-services-auth:1.2.0-rc01] AndroidManifest.xml:25:13-94
221            android:enabled="true"
221-->[androidx.credentials:credentials-play-services-auth:1.2.0-rc01] AndroidManifest.xml:26:13-35
222            android:exported="false" >
222-->[androidx.credentials:credentials-play-services-auth:1.2.0-rc01] AndroidManifest.xml:27:13-37
223            <meta-data
223-->[androidx.credentials:credentials-play-services-auth:1.2.0-rc01] AndroidManifest.xml:29:13-31:104
224                android:name="androidx.credentials.CREDENTIAL_PROVIDER_KEY"
224-->[androidx.credentials:credentials-play-services-auth:1.2.0-rc01] AndroidManifest.xml:30:17-76
225                android:value="androidx.credentials.playservices.CredentialProviderPlayServicesImpl" />
225-->[androidx.credentials:credentials-play-services-auth:1.2.0-rc01] AndroidManifest.xml:31:17-101
226        </service>
227
228        <activity
228-->[androidx.credentials:credentials-play-services-auth:1.2.0-rc01] AndroidManifest.xml:34:9-41:20
229            android:name="androidx.credentials.playservices.HiddenActivity"
229-->[androidx.credentials:credentials-play-services-auth:1.2.0-rc01] AndroidManifest.xml:35:13-76
230            android:configChanges="orientation|screenSize|screenLayout|keyboardHidden"
230-->[androidx.credentials:credentials-play-services-auth:1.2.0-rc01] AndroidManifest.xml:36:13-87
231            android:enabled="true"
231-->[androidx.credentials:credentials-play-services-auth:1.2.0-rc01] AndroidManifest.xml:37:13-35
232            android:exported="false"
232-->[androidx.credentials:credentials-play-services-auth:1.2.0-rc01] AndroidManifest.xml:38:13-37
233            android:fitsSystemWindows="true"
233-->[androidx.credentials:credentials-play-services-auth:1.2.0-rc01] AndroidManifest.xml:39:13-45
234            android:theme="@style/Theme.Hidden" >
234-->[androidx.credentials:credentials-play-services-auth:1.2.0-rc01] AndroidManifest.xml:40:13-48
235        </activity>
236        <activity
236-->[com.google.android.gms:play-services-auth:20.7.0] AndroidManifest.xml:23:9-27:75
237            android:name="com.google.android.gms.auth.api.signin.internal.SignInHubActivity"
237-->[com.google.android.gms:play-services-auth:20.7.0] AndroidManifest.xml:24:13-93
238            android:excludeFromRecents="true"
238-->[com.google.android.gms:play-services-auth:20.7.0] AndroidManifest.xml:25:13-46
239            android:exported="false"
239-->[com.google.android.gms:play-services-auth:20.7.0] AndroidManifest.xml:26:13-37
240            android:theme="@android:style/Theme.Translucent.NoTitleBar" />
240-->[com.google.android.gms:play-services-auth:20.7.0] AndroidManifest.xml:27:13-72
241        <!--
242            Service handling Google Sign-In user revocation. For apps that do not integrate with
243            Google Sign-In, this service will never be started.
244        -->
245        <service
245-->[com.google.android.gms:play-services-auth:20.7.0] AndroidManifest.xml:33:9-37:51
246            android:name="com.google.android.gms.auth.api.signin.RevocationBoundService"
246-->[com.google.android.gms:play-services-auth:20.7.0] AndroidManifest.xml:34:13-89
247            android:exported="true"
247-->[com.google.android.gms:play-services-auth:20.7.0] AndroidManifest.xml:35:13-36
248            android:permission="com.google.android.gms.auth.api.signin.permission.REVOCATION_NOTIFICATION"
248-->[com.google.android.gms:play-services-auth:20.7.0] AndroidManifest.xml:36:13-107
249            android:visibleToInstantApps="true" />
249-->[com.google.android.gms:play-services-auth:20.7.0] AndroidManifest.xml:37:13-48
250
251        <provider
251-->[com.google.firebase:firebase-common:21.0.0] AndroidManifest.xml:23:9-28:39
252            android:name="com.google.firebase.provider.FirebaseInitProvider"
252-->[com.google.firebase:firebase-common:21.0.0] AndroidManifest.xml:24:13-77
253            android:authorities="com.example.myapplication.firebaseinitprovider"
253-->[com.google.firebase:firebase-common:21.0.0] AndroidManifest.xml:25:13-72
254            android:directBootAware="true"
254-->[com.google.firebase:firebase-common:21.0.0] AndroidManifest.xml:26:13-43
255            android:exported="false"
255-->[com.google.firebase:firebase-common:21.0.0] AndroidManifest.xml:27:13-37
256            android:initOrder="100" />
256-->[com.google.firebase:firebase-common:21.0.0] AndroidManifest.xml:28:13-36
257
258        <activity
258-->[com.google.android.gms:play-services-base:18.0.1] AndroidManifest.xml:20:9-22:45
259            android:name="com.google.android.gms.common.api.GoogleApiActivity"
259-->[com.google.android.gms:play-services-base:18.0.1] AndroidManifest.xml:20:19-85
260            android:exported="false"
260-->[com.google.android.gms:play-services-base:18.0.1] AndroidManifest.xml:22:19-43
261            android:theme="@android:style/Theme.Translucent.NoTitleBar" />
261-->[com.google.android.gms:play-services-base:18.0.1] AndroidManifest.xml:21:19-78
262
263        <provider
263-->[androidx.work:work-runtime:2.9.1] AndroidManifest.xml:29:9-37:20
264            android:name="androidx.startup.InitializationProvider"
264-->[androidx.work:work-runtime:2.9.1] AndroidManifest.xml:30:13-67
265            android:authorities="com.example.myapplication.androidx-startup"
265-->[androidx.work:work-runtime:2.9.1] AndroidManifest.xml:31:13-68
266            android:exported="false" >
266-->[androidx.work:work-runtime:2.9.1] AndroidManifest.xml:32:13-37
267            <meta-data
267-->[androidx.work:work-runtime:2.9.1] AndroidManifest.xml:34:13-36:52
268                android:name="androidx.work.WorkManagerInitializer"
268-->[androidx.work:work-runtime:2.9.1] AndroidManifest.xml:35:17-68
269                android:value="androidx.startup" />
269-->[androidx.work:work-runtime:2.9.1] AndroidManifest.xml:36:17-49
270            <meta-data
270-->[androidx.emoji2:emoji2:1.2.0] AndroidManifest.xml:29:13-31:52
271                android:name="androidx.emoji2.text.EmojiCompatInitializer"
271-->[androidx.emoji2:emoji2:1.2.0] AndroidManifest.xml:30:17-75
272                android:value="androidx.startup" />
272-->[androidx.emoji2:emoji2:1.2.0] AndroidManifest.xml:31:17-49
273            <meta-data
273-->[androidx.lifecycle:lifecycle-process:2.6.1] AndroidManifest.xml:29:13-31:52
274                android:name="androidx.lifecycle.ProcessLifecycleInitializer"
274-->[androidx.lifecycle:lifecycle-process:2.6.1] AndroidManifest.xml:30:17-78
275                android:value="androidx.startup" />
275-->[androidx.lifecycle:lifecycle-process:2.6.1] AndroidManifest.xml:31:17-49
276            <meta-data
276-->[androidx.profileinstaller:profileinstaller:1.3.0] AndroidManifest.xml:29:13-31:52
277                android:name="androidx.profileinstaller.ProfileInstallerInitializer"
277-->[androidx.profileinstaller:profileinstaller:1.3.0] AndroidManifest.xml:30:17-85
278                android:value="androidx.startup" />
278-->[androidx.profileinstaller:profileinstaller:1.3.0] AndroidManifest.xml:31:17-49
279        </provider>
280
281        <service
281-->[androidx.work:work-runtime:2.9.1] AndroidManifest.xml:39:9-45:35
282            android:name="androidx.work.impl.background.systemalarm.SystemAlarmService"
282-->[androidx.work:work-runtime:2.9.1] AndroidManifest.xml:40:13-88
283            android:directBootAware="false"
283-->[androidx.work:work-runtime:2.9.1] AndroidManifest.xml:41:13-44
284            android:enabled="@bool/enable_system_alarm_service_default"
284-->[androidx.work:work-runtime:2.9.1] AndroidManifest.xml:42:13-72
285            android:exported="false" />
285-->[androidx.work:work-runtime:2.9.1] AndroidManifest.xml:43:13-37
286        <service
286-->[androidx.work:work-runtime:2.9.1] AndroidManifest.xml:46:9-52:35
287            android:name="androidx.work.impl.background.systemjob.SystemJobService"
287-->[androidx.work:work-runtime:2.9.1] AndroidManifest.xml:47:13-84
288            android:directBootAware="false"
288-->[androidx.work:work-runtime:2.9.1] AndroidManifest.xml:48:13-44
289            android:enabled="@bool/enable_system_job_service_default"
289-->[androidx.work:work-runtime:2.9.1] AndroidManifest.xml:49:13-70
290            android:exported="true"
290-->[androidx.work:work-runtime:2.9.1] AndroidManifest.xml:50:13-36
291            android:permission="android.permission.BIND_JOB_SERVICE" />
291-->[androidx.work:work-runtime:2.9.1] AndroidManifest.xml:51:13-69
292        <service
292-->[androidx.work:work-runtime:2.9.1] AndroidManifest.xml:53:9-59:35
293            android:name="androidx.work.impl.foreground.SystemForegroundService"
293-->[androidx.work:work-runtime:2.9.1] AndroidManifest.xml:54:13-81
294            android:directBootAware="false"